
**** Build of configuration Debug for project led01 ****

/Applications/ti/ccs1260/ccs/utils/bin/gmake -k -j 7 all -O 
 
Building file: "../blink.c"
Invoking: MSP430 Compiler
"/Applications/ti/ccs1260/ccs/tools/compiler/ti-cgt-msp430_21.6.1.LTS/bin/cl430" -vmspx --use_hw_mpy=F5 --include_path="/Applications/ti/ccs1260/ccs/ccs_base/msp430/include" --include_path="/Users/siou/Downloads/homework/ti/led01/led01" --include_path="/Applications/ti/ccs1260/ccs/tools/compiler/ti-cgt-msp430_21.6.1.LTS/include" --advice:power=all --advice:hw_config=all --define=__MSP430FR2355__ --define=_FRWP_ENABLE --define=_INFO_FRWP_ENABLE -g --printf_support=minimal --diag_warning=225 --diag_wrap=off --display_error_number --silicon_errata=CPU21 --silicon_errata=CPU22 --silicon_errata=CPU40 --preproc_with_compile --preproc_dependency="blink.d_raw"  "../blink.c"
Finished building: "../blink.c"
 
Building target: "led01.out"
Invoking: MSP430 Linker
"/Applications/ti/ccs1260/ccs/tools/compiler/ti-cgt-msp430_21.6.1.LTS/bin/cl430" -vmspx --use_hw_mpy=F5 --advice:power=all --advice:hw_config=all --define=__MSP430FR2355__ --define=_FRWP_ENABLE --define=_INFO_FRWP_ENABLE -g --printf_support=minimal --diag_warning=225 --diag_wrap=off --display_error_number --silicon_errata=CPU21 --silicon_errata=CPU22 --silicon_errata=CPU40 -z -m"led01.map" --heap_size=160 --stack_size=160 --cinit_hold_wdt=on -i"/Applications/ti/ccs1260/ccs/ccs_base/msp430/include" -i"/Applications/ti/ccs1260/ccs/ccs_base/msp430/lib/FR2xx" -i"/Applications/ti/ccs1260/ccs/tools/compiler/ti-cgt-msp430_21.6.1.LTS/lib" -i"/Applications/ti/ccs1260/ccs/tools/compiler/ti-cgt-msp430_21.6.1.LTS/include" --priority --reread_libs --define=_FRWP_ENABLE --define=_INFO_FRWP_ENABLE --diag_wrap=off --display_error_number --warn_sections --xml_link_info="led01_linkInfo.xml" --use_hw_mpy=F5 --rom_model -o "led01.out" "./blink.obj" "../lnk_msp430fr2355.cmd"  -lfrwp_init.a -llibc.a 
<Linking>
remark #10371-D: (ULP 1.1) Detected no uses of low power mode state changing instructions
remark #10372-D: (ULP 4.1) Detected uninitialized Port 2 in this project. Recommend initializing all unused ports to eliminate wasted current consumption on unused pins.
remark #10372-D: (ULP 4.1) Detected uninitialized Port 3 in this project. Recommend initializing all unused ports to eliminate wasted current consumption on unused pins.
remark #10372-D: (ULP 4.1) Detected uninitialized Port 4 in this project. Recommend initializing all unused ports to eliminate wasted current consumption on unused pins.
remark #10372-D: (ULP 4.1) Detected uninitialized Port 5 in this project. Recommend initializing all unused ports to eliminate wasted current consumption on unused pins.
remark #10372-D: (ULP 4.1) Detected uninitialized Port 6 in this project. Recommend initializing all unused ports to eliminate wasted current consumption on unused pins.
remark #10372-D: (ULP 4.1) Detected uninitialized Port A in this project. Recommend initializing all unused ports to eliminate wasted current consumption on unused pins.
remark #10372-D: (ULP 4.1) Detected uninitialized Port B in this project. Recommend initializing all unused ports to eliminate wasted current consumption on unused pins.
remark #10372-D: (ULP 4.1) Detected uninitialized Port C in this project. Recommend initializing all unused ports to eliminate wasted current consumption on unused pins.
remark #10422-D: (ULP 6.2) Detected use of a device with available 32-bit hardware multiplier and not also using MSPMATHLIB library (libmath.a).  Recommend using MSPMATHLIB library (libmath.a) for improved performance.
Finished building target: "led01.out"
 

**** Build Finished ****

**** Build of configuration Debug for project led01 ****

/Applications/ti/ccs1260/ccs/utils/bin/gmake -k -j 7 all -O 
 
gmake[1]: 'led01.out' is up to date.

**** Build Finished ****

**** Build of configuration Debug for project led01 ****

/Applications/ti/ccs1260/ccs/utils/bin/gmake -k -j 7 all -O 
 
gmake[1]: 'led01.out' is up to date.

**** Build Finished ****

**** Build of configuration Debug for project led01 ****

/Applications/ti/ccs1260/ccs/utils/bin/gmake -k -j 7 all -O 
 
gmake[1]: 'led01.out' is up to date.

**** Build Finished ****

**** Build of configuration Debug for project led01 ****

/Applications/ti/ccs1260/ccs/utils/bin/gmake -k -j 7 all -O 
 
gmake[1]: 'led01.out' is up to date.

**** Build Finished ****

**** Build of configuration Debug for project led01 ****

/Applications/ti/ccs1260/ccs/utils/bin/gmake -k -j 7 all -O 
 
gmake[1]: 'led01.out' is up to date.

**** Build Finished ****

**** Build of configuration Debug for project led01 ****

/Applications/ti/ccs1260/ccs/utils/bin/gmake -k -j 7 all -O 
 
Building file: "../blink.c"
Invoking: MSP430 Compiler
"/Applications/ti/ccs1260/ccs/tools/compiler/ti-cgt-msp430_21.6.1.LTS/bin/cl430" -vmspx --use_hw_mpy=F5 --include_path="/Applications/ti/ccs1260/ccs/ccs_base/msp430/include" --include_path="/Users/siou/Downloads/homework/ti/led01/led01" --include_path="/Applications/ti/ccs1260/ccs/tools/compiler/ti-cgt-msp430_21.6.1.LTS/include" --advice:power=all --advice:hw_config=all --define=__MSP430FR2355__ --define=_FRWP_ENABLE --define=_INFO_FRWP_ENABLE -g --printf_support=minimal --diag_warning=225 --diag_wrap=off --display_error_number --silicon_errata=CPU21 --silicon_errata=CPU22 --silicon_errata=CPU40 --preproc_with_compile --preproc_dependency="blink.d_raw"  "../blink.c"
"../blink.c", line 32: warning #70-D: integer conversion resulted in truncation
Finished building: "../blink.c"
 
Building target: "led01.out"
Invoking: MSP430 Linker
"/Applications/ti/ccs1260/ccs/tools/compiler/ti-cgt-msp430_21.6.1.LTS/bin/cl430" -vmspx --use_hw_mpy=F5 --advice:power=all --advice:hw_config=all --define=__MSP430FR2355__ --define=_FRWP_ENABLE --define=_INFO_FRWP_ENABLE -g --printf_support=minimal --diag_warning=225 --diag_wrap=off --display_error_number --silicon_errata=CPU21 --silicon_errata=CPU22 --silicon_errata=CPU40 -z -m"led01.map" --heap_size=160 --stack_size=160 --cinit_hold_wdt=on -i"/Applications/ti/ccs1260/ccs/ccs_base/msp430/include" -i"/Applications/ti/ccs1260/ccs/ccs_base/msp430/lib/FR2xx" -i"/Applications/ti/ccs1260/ccs/tools/compiler/ti-cgt-msp430_21.6.1.LTS/lib" -i"/Applications/ti/ccs1260/ccs/tools/compiler/ti-cgt-msp430_21.6.1.LTS/include" --priority --reread_libs --define=_FRWP_ENABLE --define=_INFO_FRWP_ENABLE --diag_wrap=off --display_error_number --warn_sections --xml_link_info="led01_linkInfo.xml" --use_hw_mpy=F5 --rom_model -o "led01.out" "./blink.obj" "../lnk_msp430fr2355.cmd"  -lfrwp_init.a -llibc.a 
<Linking>
remark #10371-D: (ULP 1.1) Detected no uses of low power mode state changing instructions
remark #10372-D: (ULP 4.1) Detected uninitialized Port 2 in this project. Recommend initializing all unused ports to eliminate wasted current consumption on unused pins.
remark #10372-D: (ULP 4.1) Detected uninitialized Port 3 in this project. Recommend initializing all unused ports to eliminate wasted current consumption on unused pins.
remark #10372-D: (ULP 4.1) Detected uninitialized Port 4 in this project. Recommend initializing all unused ports to eliminate wasted current consumption on unused pins.
remark #10372-D: (ULP 4.1) Detected uninitialized Port 5 in this project. Recommend initializing all unused ports to eliminate wasted current consumption on unused pins.
remark #10372-D: (ULP 4.1) Detected uninitialized Port 6 in this project. Recommend initializing all unused ports to eliminate wasted current consumption on unused pins.
remark #10372-D: (ULP 4.1) Detected uninitialized Port A in this project. Recommend initializing all unused ports to eliminate wasted current consumption on unused pins.
remark #10372-D: (ULP 4.1) Detected uninitialized Port B in this project. Recommend initializing all unused ports to eliminate wasted current consumption on unused pins.
remark #10372-D: (ULP 4.1) Detected uninitialized Port C in this project. Recommend initializing all unused ports to eliminate wasted current consumption on unused pins.
remark #10422-D: (ULP 6.2) Detected use of a device with available 32-bit hardware multiplier and not also using MSPMATHLIB library (libmath.a).  Recommend using MSPMATHLIB library (libmath.a) for improved performance.
Finished building target: "led01.out"
 

**** Build Finished ****

**** Build of configuration Debug for project led01 ****

/Applications/ti/ccs1260/ccs/utils/bin/gmake -k -j 7 all -O 
 
gmake[1]: 'led01.out' is up to date.

**** Build Finished ****

**** Build of configuration Debug for project led01 ****

/Applications/ti/ccs1260/ccs/utils/bin/gmake -k -j 7 all -O 
 
Building file: "../blink.c"
Invoking: MSP430 Compiler
"/Applications/ti/ccs1260/ccs/tools/compiler/ti-cgt-msp430_21.6.1.LTS/bin/cl430" -vmspx --use_hw_mpy=F5 --include_path="/Applications/ti/ccs1260/ccs/ccs_base/msp430/include" --include_path="/Users/siou/Downloads/homework/ti/led01/led01" --include_path="/Applications/ti/ccs1260/ccs/tools/compiler/ti-cgt-msp430_21.6.1.LTS/include" --advice:power=all --advice:hw_config=all --define=__MSP430FR2355__ --define=_FRWP_ENABLE --define=_INFO_FRWP_ENABLE -g --printf_support=minimal --diag_warning=225 --diag_wrap=off --display_error_number --silicon_errata=CPU21 --silicon_errata=CPU22 --silicon_errata=CPU40 --preproc_with_compile --preproc_dependency="blink.d_raw"  "../blink.c"
"../blink.c", line 34: warning #70-D: integer conversion resulted in truncation
Finished building: "../blink.c"
 
Building target: "led01.out"
Invoking: MSP430 Linker
"/Applications/ti/ccs1260/ccs/tools/compiler/ti-cgt-msp430_21.6.1.LTS/bin/cl430" -vmspx --use_hw_mpy=F5 --advice:power=all --advice:hw_config=all --define=__MSP430FR2355__ --define=_FRWP_ENABLE --define=_INFO_FRWP_ENABLE -g --printf_support=minimal --diag_warning=225 --diag_wrap=off --display_error_number --silicon_errata=CPU21 --silicon_errata=CPU22 --silicon_errata=CPU40 -z -m"led01.map" --heap_size=160 --stack_size=160 --cinit_hold_wdt=on -i"/Applications/ti/ccs1260/ccs/ccs_base/msp430/include" -i"/Applications/ti/ccs1260/ccs/ccs_base/msp430/lib/FR2xx" -i"/Applications/ti/ccs1260/ccs/tools/compiler/ti-cgt-msp430_21.6.1.LTS/lib" -i"/Applications/ti/ccs1260/ccs/tools/compiler/ti-cgt-msp430_21.6.1.LTS/include" --priority --reread_libs --define=_FRWP_ENABLE --define=_INFO_FRWP_ENABLE --diag_wrap=off --display_error_number --warn_sections --xml_link_info="led01_linkInfo.xml" --use_hw_mpy=F5 --rom_model -o "led01.out" "./blink.obj" "../lnk_msp430fr2355.cmd"  -lfrwp_init.a -llibc.a 
<Linking>
remark #10371-D: (ULP 1.1) Detected no uses of low power mode state changing instructions
remark #10372-D: (ULP 4.1) Detected uninitialized Port 3 in this project. Recommend initializing all unused ports to eliminate wasted current consumption on unused pins.
remark #10372-D: (ULP 4.1) Detected uninitialized Port 4 in this project. Recommend initializing all unused ports to eliminate wasted current consumption on unused pins.
remark #10372-D: (ULP 4.1) Detected uninitialized Port 5 in this project. Recommend initializing all unused ports to eliminate wasted current consumption on unused pins.
remark #10372-D: (ULP 4.1) Detected uninitialized Port 6 in this project. Recommend initializing all unused ports to eliminate wasted current consumption on unused pins.
remark #10372-D: (ULP 4.1) Detected uninitialized Port A in this project. Recommend initializing all unused ports to eliminate wasted current consumption on unused pins.
remark #10372-D: (ULP 4.1) Detected uninitialized Port B in this project. Recommend initializing all unused ports to eliminate wasted current consumption on unused pins.
remark #10372-D: (ULP 4.1) Detected uninitialized Port C in this project. Recommend initializing all unused ports to eliminate wasted current consumption on unused pins.
remark #10422-D: (ULP 6.2) Detected use of a device with available 32-bit hardware multiplier and not also using MSPMATHLIB library (libmath.a).  Recommend using MSPMATHLIB library (libmath.a) for improved performance.
Finished building target: "led01.out"
 

**** Build Finished ****

**** Build of configuration Debug for project led01 ****

/Applications/ti/ccs1260/ccs/utils/bin/gmake -k -j 7 all -O 
 
gmake[1]: 'led01.out' is up to date.

**** Build Finished ****

**** Build of configuration Debug for project led01 ****

/Applications/ti/ccs1260/ccs/utils/bin/gmake -k -j 7 all -O 
 
Building file: "../blink.c"
Invoking: MSP430 Compiler
"/Applications/ti/ccs1260/ccs/tools/compiler/ti-cgt-msp430_21.6.1.LTS/bin/cl430" -vmspx --use_hw_mpy=F5 --include_path="/Applications/ti/ccs1260/ccs/ccs_base/msp430/include" --include_path="/Users/siou/Downloads/homework/ti/led01/led01" --include_path="/Applications/ti/ccs1260/ccs/tools/compiler/ti-cgt-msp430_21.6.1.LTS/include" --advice:power=all --advice:hw_config=all --define=__MSP430FR2355__ --define=_FRWP_ENABLE --define=_INFO_FRWP_ENABLE -g --printf_support=minimal --diag_warning=225 --diag_wrap=off --display_error_number --silicon_errata=CPU21 --silicon_errata=CPU22 --silicon_errata=CPU40 --preproc_with_compile --preproc_dependency="blink.d_raw"  "../blink.c"
"../blink.c", line 16: warning #70-D: integer conversion resulted in truncation
Finished building: "../blink.c"
 
Building target: "led01.out"
Invoking: MSP430 Linker
"/Applications/ti/ccs1260/ccs/tools/compiler/ti-cgt-msp430_21.6.1.LTS/bin/cl430" -vmspx --use_hw_mpy=F5 --advice:power=all --advice:hw_config=all --define=__MSP430FR2355__ --define=_FRWP_ENABLE --define=_INFO_FRWP_ENABLE -g --printf_support=minimal --diag_warning=225 --diag_wrap=off --display_error_number --silicon_errata=CPU21 --silicon_errata=CPU22 --silicon_errata=CPU40 -z -m"led01.map" --heap_size=160 --stack_size=160 --cinit_hold_wdt=on -i"/Applications/ti/ccs1260/ccs/ccs_base/msp430/include" -i"/Applications/ti/ccs1260/ccs/ccs_base/msp430/lib/FR2xx" -i"/Applications/ti/ccs1260/ccs/tools/compiler/ti-cgt-msp430_21.6.1.LTS/lib" -i"/Applications/ti/ccs1260/ccs/tools/compiler/ti-cgt-msp430_21.6.1.LTS/include" --priority --reread_libs --define=_FRWP_ENABLE --define=_INFO_FRWP_ENABLE --diag_wrap=off --display_error_number --warn_sections --xml_link_info="led01_linkInfo.xml" --use_hw_mpy=F5 --rom_model -o "led01.out" "./blink.obj" "../lnk_msp430fr2355.cmd"  -lfrwp_init.a -llibc.a 
<Linking>
remark #10371-D: (ULP 1.1) Detected no uses of low power mode state changing instructions
remark #10372-D: (ULP 4.1) Detected uninitialized Port 3 in this project. Recommend initializing all unused ports to eliminate wasted current consumption on unused pins.
remark #10372-D: (ULP 4.1) Detected uninitialized Port 4 in this project. Recommend initializing all unused ports to eliminate wasted current consumption on unused pins.
remark #10372-D: (ULP 4.1) Detected uninitialized Port 5 in this project. Recommend initializing all unused ports to eliminate wasted current consumption on unused pins.
remark #10372-D: (ULP 4.1) Detected uninitialized Port 6 in this project. Recommend initializing all unused ports to eliminate wasted current consumption on unused pins.
remark #10372-D: (ULP 4.1) Detected uninitialized Port A in this project. Recommend initializing all unused ports to eliminate wasted current consumption on unused pins.
remark #10372-D: (ULP 4.1) Detected uninitialized Port B in this project. Recommend initializing all unused ports to eliminate wasted current consumption on unused pins.
remark #10372-D: (ULP 4.1) Detected uninitialized Port C in this project. Recommend initializing all unused ports to eliminate wasted current consumption on unused pins.
remark #10422-D: (ULP 6.2) Detected use of a device with available 32-bit hardware multiplier and not also using MSPMATHLIB library (libmath.a).  Recommend using MSPMATHLIB library (libmath.a) for improved performance.
Finished building target: "led01.out"
 

**** Build Finished ****

**** Build of configuration Debug for project led01 ****

/Applications/ti/ccs1260/ccs/utils/bin/gmake -k -j 7 all -O 
 
gmake[1]: 'led01.out' is up to date.

**** Build Finished ****

**** Build of configuration Debug for project led01 ****

/Applications/ti/ccs1260/ccs/utils/bin/gmake -k -j 7 all -O 
 
Building file: "../blink.c"
Invoking: MSP430 Compiler
"/Applications/ti/ccs1260/ccs/tools/compiler/ti-cgt-msp430_21.6.1.LTS/bin/cl430" -vmspx --use_hw_mpy=F5 --include_path="/Applications/ti/ccs1260/ccs/ccs_base/msp430/include" --include_path="/Users/siou/Downloads/homework/ti/led01/led01" --include_path="/Applications/ti/ccs1260/ccs/tools/compiler/ti-cgt-msp430_21.6.1.LTS/include" --advice:power=all --advice:hw_config=all --define=__MSP430FR2355__ --define=_FRWP_ENABLE --define=_INFO_FRWP_ENABLE -g --printf_support=minimal --diag_warning=225 --diag_wrap=off --display_error_number --silicon_errata=CPU21 --silicon_errata=CPU22 --silicon_errata=CPU40 --preproc_with_compile --preproc_dependency="blink.d_raw"  "../blink.c"
"../blink.c", line 16: warning #70-D: integer conversion resulted in truncation
Finished building: "../blink.c"
 
Building target: "led01.out"
Invoking: MSP430 Linker
"/Applications/ti/ccs1260/ccs/tools/compiler/ti-cgt-msp430_21.6.1.LTS/bin/cl430" -vmspx --use_hw_mpy=F5 --advice:power=all --advice:hw_config=all --define=__MSP430FR2355__ --define=_FRWP_ENABLE --define=_INFO_FRWP_ENABLE -g --printf_support=minimal --diag_warning=225 --diag_wrap=off --display_error_number --silicon_errata=CPU21 --silicon_errata=CPU22 --silicon_errata=CPU40 -z -m"led01.map" --heap_size=160 --stack_size=160 --cinit_hold_wdt=on -i"/Applications/ti/ccs1260/ccs/ccs_base/msp430/include" -i"/Applications/ti/ccs1260/ccs/ccs_base/msp430/lib/FR2xx" -i"/Applications/ti/ccs1260/ccs/tools/compiler/ti-cgt-msp430_21.6.1.LTS/lib" -i"/Applications/ti/ccs1260/ccs/tools/compiler/ti-cgt-msp430_21.6.1.LTS/include" --priority --reread_libs --define=_FRWP_ENABLE --define=_INFO_FRWP_ENABLE --diag_wrap=off --display_error_number --warn_sections --xml_link_info="led01_linkInfo.xml" --use_hw_mpy=F5 --rom_model -o "led01.out" "./blink.obj" "../lnk_msp430fr2355.cmd"  -lfrwp_init.a -llibc.a 
<Linking>
remark #10371-D: (ULP 1.1) Detected no uses of low power mode state changing instructions
remark #10372-D: (ULP 4.1) Detected uninitialized Port 2 in this project. Recommend initializing all unused ports to eliminate wasted current consumption on unused pins.
remark #10372-D: (ULP 4.1) Detected uninitialized Port 3 in this project. Recommend initializing all unused ports to eliminate wasted current consumption on unused pins.
remark #10372-D: (ULP 4.1) Detected uninitialized Port 4 in this project. Recommend initializing all unused ports to eliminate wasted current consumption on unused pins.
remark #10372-D: (ULP 4.1) Detected uninitialized Port 5 in this project. Recommend initializing all unused ports to eliminate wasted current consumption on unused pins.
remark #10372-D: (ULP 4.1) Detected uninitialized Port A in this project. Recommend initializing all unused ports to eliminate wasted current consumption on unused pins.
remark #10372-D: (ULP 4.1) Detected uninitialized Port B in this project. Recommend initializing all unused ports to eliminate wasted current consumption on unused pins.
remark #10372-D: (ULP 4.1) Detected uninitialized Port C in this project. Recommend initializing all unused ports to eliminate wasted current consumption on unused pins.
remark #10422-D: (ULP 6.2) Detected use of a device with available 32-bit hardware multiplier and not also using MSPMATHLIB library (libmath.a).  Recommend using MSPMATHLIB library (libmath.a) for improved performance.
Finished building target: "led01.out"
 

**** Build Finished ****

**** Build of configuration Debug for project led01 ****

/Applications/ti/ccs1260/ccs/utils/bin/gmake -k -j 7 all -O 
 
gmake[1]: 'led01.out' is up to date.

**** Build Finished ****

**** Build of configuration Debug for project led01 ****

/Applications/ti/ccs1260/ccs/utils/bin/gmake -k -j 7 all -O 
 
gmake[1]: 'led01.out' is up to date.

**** Build Finished ****

**** Build of configuration Debug for project led01 ****

/Applications/ti/ccs1260/ccs/utils/bin/gmake -k -j 7 all -O 
 
Building file: "../blink.c"
Invoking: MSP430 Compiler
"/Applications/ti/ccs1260/ccs/tools/compiler/ti-cgt-msp430_21.6.1.LTS/bin/cl430" -vmspx --use_hw_mpy=F5 --include_path="/Applications/ti/ccs1260/ccs/ccs_base/msp430/include" --include_path="/Users/siou/Downloads/homework/ti/led01/led01" --include_path="/Applications/ti/ccs1260/ccs/tools/compiler/ti-cgt-msp430_21.6.1.LTS/include" --advice:power=all --advice:hw_config=all --define=__MSP430FR2355__ --define=_FRWP_ENABLE --define=_INFO_FRWP_ENABLE -g --printf_support=minimal --diag_warning=225 --diag_wrap=off --display_error_number --silicon_errata=CPU21 --silicon_errata=CPU22 --silicon_errata=CPU40 --preproc_with_compile --preproc_dependency="blink.d_raw"  "../blink.c"
"../blink.c", line 16: warning #70-D: integer conversion resulted in truncation
Finished building: "../blink.c"
 
Building target: "led01.out"
Invoking: MSP430 Linker
"/Applications/ti/ccs1260/ccs/tools/compiler/ti-cgt-msp430_21.6.1.LTS/bin/cl430" -vmspx --use_hw_mpy=F5 --advice:power=all --advice:hw_config=all --define=__MSP430FR2355__ --define=_FRWP_ENABLE --define=_INFO_FRWP_ENABLE -g --printf_support=minimal --diag_warning=225 --diag_wrap=off --display_error_number --silicon_errata=CPU21 --silicon_errata=CPU22 --silicon_errata=CPU40 -z -m"led01.map" --heap_size=160 --stack_size=160 --cinit_hold_wdt=on -i"/Applications/ti/ccs1260/ccs/ccs_base/msp430/include" -i"/Applications/ti/ccs1260/ccs/ccs_base/msp430/lib/FR2xx" -i"/Applications/ti/ccs1260/ccs/tools/compiler/ti-cgt-msp430_21.6.1.LTS/lib" -i"/Applications/ti/ccs1260/ccs/tools/compiler/ti-cgt-msp430_21.6.1.LTS/include" --priority --reread_libs --define=_FRWP_ENABLE --define=_INFO_FRWP_ENABLE --diag_wrap=off --display_error_number --warn_sections --xml_link_info="led01_linkInfo.xml" --use_hw_mpy=F5 --rom_model -o "led01.out" "./blink.obj" "../lnk_msp430fr2355.cmd"  -lfrwp_init.a -llibc.a 
<Linking>
remark #10371-D: (ULP 1.1) Detected no uses of low power mode state changing instructions
remark #10372-D: (ULP 4.1) Detected uninitialized Port 2 in this project. Recommend initializing all unused ports to eliminate wasted current consumption on unused pins.
remark #10372-D: (ULP 4.1) Detected uninitialized Port 3 in this project. Recommend initializing all unused ports to eliminate wasted current consumption on unused pins.
remark #10372-D: (ULP 4.1) Detected uninitialized Port 4 in this project. Recommend initializing all unused ports to eliminate wasted current consumption on unused pins.
remark #10372-D: (ULP 4.1) Detected uninitialized Port 5 in this project. Recommend initializing all unused ports to eliminate wasted current consumption on unused pins.
remark #10372-D: (ULP 4.1) Detected uninitialized Port A in this project. Recommend initializing all unused ports to eliminate wasted current consumption on unused pins.
remark #10372-D: (ULP 4.1) Detected uninitialized Port B in this project. Recommend initializing all unused ports to eliminate wasted current consumption on unused pins.
remark #10372-D: (ULP 4.1) Detected uninitialized Port C in this project. Recommend initializing all unused ports to eliminate wasted current consumption on unused pins.
remark #10422-D: (ULP 6.2) Detected use of a device with available 32-bit hardware multiplier and not also using MSPMATHLIB library (libmath.a).  Recommend using MSPMATHLIB library (libmath.a) for improved performance.
Finished building target: "led01.out"
 

**** Build Finished ****
